<?xml version="1.0" encoding="UTF-8"?>
<testng-results skipped="0" failed="0" ignored="0" total="1" passed="1">
  <reporter-output>
  </reporter-output>
  <suite name="Default suite" duration-ms="47490" started-at="2022-10-29T08:15:12 IST" finished-at="2022-10-29T08:16:00 IST">
    <groups>
    </groups>
    <test name="Default test" duration-ms="47490" started-at="2022-10-29T08:15:12 IST" finished-at="2022-10-29T08:16:00 IST">
      <class name="com.techmahindra.ecommerce.home.TC001_CustomerRegistration">
        <test-method status="PASS" signature="beforeTest()[pri:0, instance:com.techmahindra.ecommerce.home.TC001_CustomerRegistration@6ee12bac]" name="beforeTest" is-config="true" duration-ms="11776" started-at="2022-10-29T08:15:12 IST" finished-at="2022-10-29T08:15:24 IST">
          <reporter-output>
          </reporter-output>
        </test-method> <!-- beforeTest -->
        <test-method status="PASS" signature="startReport(java.lang.reflect.Method)[pri:0, instance:com.techmahindra.ecommerce.home.TC001_CustomerRegistration@6ee12bac]" name="startReport" is-config="true" duration-ms="9" started-at="2022-10-29T08:15:24 IST" finished-at="2022-10-29T08:15:24 IST">
          <params>
            <param index="0">
              <value>
                <![CDATA[public void com.techmahindra.ecommerce.home.TC001_CustomerRegistration.customerRegistration() throws java.lang.Exception]]>
              </value>
            </param>
          </params>
          <reporter-output>
          </reporter-output>
        </test-method> <!-- startReport -->
        <test-method status="PASS" signature="customerRegistration()[pri:0, instance:com.techmahindra.ecommerce.home.TC001_CustomerRegistration@6ee12bac]" name="customerRegistration" duration-ms="34698" started-at="2022-10-29T08:15:24 IST" finished-at="2022-10-29T08:15:59 IST">
          <reporter-output>
          </reporter-output>
        </test-method> <!-- customerRegistration -->
        <test-method status="PASS" signature="endReport(org.testng.ITestResult)[pri:0, instance:com.techmahindra.ecommerce.home.TC001_CustomerRegistration@6ee12bac]" name="endReport" is-config="true" duration-ms="3" started-at="2022-10-29T08:15:59 IST" finished-at="2022-10-29T08:15:59 IST">
          <params>
            <param index="0">
              <value>
                <![CDATA[[TestResult name=customerRegistration status=SUCCESS method=TC001_CustomerRegistration.customerRegistration()[pri:0, instance:com.techmahindra.ecommerce.home.TC001_CustomerRegistration@6ee12bac] output={null}]]]>
              </value>
            </param>
          </params>
          <reporter-output>
          </reporter-output>
        </test-method> <!-- endReport -->
        <test-method status="PASS" signature="endTest()[pri:0, instance:com.techmahindra.ecommerce.home.TC001_CustomerRegistration@6ee12bac]" name="endTest" is-config="true" duration-ms="954" started-at="2022-10-29T08:15:59 IST" finished-at="2022-10-29T08:16:00 IST">
          <reporter-output>
          </reporter-output>
        </test-method> <!-- endTest -->
      </class> <!-- com.techmahindra.ecommerce.home.TC001_CustomerRegistration -->
    </test> <!-- Default test -->
  </suite> <!-- Default suite -->
</testng-results>
