<?xml version="1.0" encoding="UTF-8"?>
<testng-results skipped="0" failed="0" ignored="0" total="1" passed="1">
  <reporter-output>
  </reporter-output>
  <suite name="Default suite" duration-ms="701" started-at="2022-10-27T16:25:45 IST" finished-at="2022-10-27T16:25:46 IST">
    <groups>
    </groups>
    <test name="Default test" duration-ms="701" started-at="2022-10-27T16:25:45 IST" finished-at="2022-10-27T16:25:46 IST">
      <class name="com.techmahindra.testNG.excel.ReadExcelDataDriverClass">
        <test-method status="PASS" signature="f()[pri:0, instance:com.techmahindra.testNG.excel.ReadExcelDataDriverClass@7d70d1b1]" name="f" duration-ms="663" started-at="2022-10-27T16:25:45 IST" finished-at="2022-10-27T16:25:46 IST">
          <reporter-output>
          </reporter-output>
        </test-method> <!-- f -->
      </class> <!-- com.techmahindra.testNG.excel.ReadExcelDataDriverClass -->
    </test> <!-- Default test -->
  </suite> <!-- Default suite -->
</testng-results>
