<?xml version="1.0" encoding="UTF-8"?>
<!-- Generated by org.testng.reporters.JUnitXMLReporter -->
<testsuite hostname="TEB5J02J3" ignored="0" name="Test" tests="2" failures="1" timestamp="2022-10-29T00:13:28 IST" time="42.709" errors="0">
  <testcase name="customerRegistration" time="29.572" classname="com.techmahindra.ecommerce.home.TC001_CustomerRegistration"/>
  <testcase name="customerRegistration" time="29.578" classname="com.techmahindra.ecommerce.home.TC001_CustomerRegistration">
    <failure type="java.lang.NullPointerException">
      <![CDATA[java.lang.NullPointerException
at com.techmahindra.ecommerce.listeners.Listeners.onTestSuccess(Listeners.java:32)
at java.util.ArrayList.forEach(ArrayList.java:1249)
... Removed 24 stack frames]]>
    </failure>
  </testcase> <!-- customerRegistration -->
</testsuite> <!-- Test -->
